This file contains any messages produced by compilers while
running configure, to aid debugging if configure makes a mistake.

It was created by leptonica configure 1.83.0, which was
generated by GNU Autoconf 2.69.  Invocation command line was

  $ ./configure --prefix=/usr

## --------- ##
## Platform. ##
## --------- ##

hostname = moonstar
uname -m = x86_64
uname -r = 5.15.0-69-generic
uname -s = Linux
uname -v = #76~20.04.1-Ubuntu SMP Mon Mar 20 15:54:19 UTC 2023

/usr/bin/uname -p = x86_64
/bin/uname -X     = unknown

/bin/arch              = x86_64
/usr/bin/arch -k       = unknown
/usr/convex/getsysinfo = unknown
/usr/bin/hostinfo      = unknown
/bin/machine           = unknown
/usr/bin/oslevel       = unknown
/bin/universe          = unknown

PATH: /usr/bin
PATH: /usr/local/sbin
PATH: /usr/local/bin
PATH: /usr/sbin
PATH: /usr/bin
PATH: /sbin
PATH: /bin
PATH: /snap/bin


## ----------- ##
## Core tests. ##
## ----------- ##

configure:2434: checking build system type
configure:2448: result: x86_64-pc-linux-gnu
configure:2468: checking host system type
configure:2481: result: x86_64-pc-linux-gnu
configure:2522: checking how to print strings
configure:2549: result: printf
configure:2621: checking for gcc
configure:2637: found /usr/bin/gcc
configure:2648: result: gcc
configure:2877: checking for C compiler version
configure:2886: gcc --version >&5
gcc (Ubuntu 9.4.0-1ubuntu1~20.04.1) 9.4.0
Copyright (C) 2019 Free Software Foundation, Inc.
This is free software; see the source for copying conditions.  There is NO
warranty; not even for MERCHANTABILITY or FITNESS FOR A PARTICULAR PURPOSE.

configure:2897: $? = 0
configure:2886: gcc -v >&5
Using built-in specs.
COLLECT_GCC=gcc
COLLECT_LTO_WRAPPER=/usr/lib/gcc/x86_64-linux-gnu/9/lto-wrapper
OFFLOAD_TARGET_NAMES=nvptx-none:hsa
OFFLOAD_TARGET_DEFAULT=1
Target: x86_64-linux-gnu
Configured with: ../src/configure -v --with-pkgversion='Ubuntu 9.4.0-1ubuntu1~20.04.1' --with-bugurl=file:///usr/share/doc/gcc-9/README.Bugs --enable-languages=c,ada,c++,go,brig,d,fortran,objc,obj-c++,gm2 --prefix=/usr --with-gcc-major-version-only --program-suffix=-9 --program-prefix=x86_64-linux-gnu- --enable-shared --enable-linker-build-id --libexecdir=/usr/lib --without-included-gettext --enable-threads=posix --libdir=/usr/lib --enable-nls --enable-clocale=gnu --enable-libstdcxx-debug --enable-libstdcxx-time=yes --with-default-libstdcxx-abi=new --enable-gnu-unique-object --disable-vtable-verify --enable-plugin --enable-default-pie --with-system-zlib --with-target-system-zlib=auto --enable-objc-gc=auto --enable-multiarch --disable-werror --with-arch-32=i686 --with-abi=m64 --with-multilib-list=m32,m64,mx32 --enable-multilib --with-tune=generic --enable-offload-targets=nvptx-none=/build/gcc-9-Av3uEd/gcc-9-9.4.0/debian/tmp-nvptx/usr,hsa --without-cuda-driver --enable-checking=release --build=x86_64-linux-gnu --host=x86_64-linux-gnu --target=x86_64-linux-gnu
Thread model: posix
gcc version 9.4.0 (Ubuntu 9.4.0-1ubuntu1~20.04.1) 
configure:2897: $? = 0
configure:2886: gcc -V >&5
gcc: error: unrecognized command line option '-V'
gcc: fatal error: no input files
compilation terminated.
configure:2897: $? = 1
configure:2886: gcc -qversion >&5
gcc: error: unrecognized command line option '-qversion'; did you mean '--version'?
gcc: fatal error: no input files
compilation terminated.
configure:2897: $? = 1
configure:2917: checking whether the C compiler works
configure:2939: gcc    conftest.c  >&5
configure:2943: $? = 0
configure:2991: result: yes
configure:2994: checking for C compiler default output file name
configure:2996: result: a.out
configure:3002: checking for suffix of executables
configure:3009: gcc -o conftest    conftest.c  >&5
configure:3013: $? = 0
configure:3035: result: 
configure:3057: checking whether we are cross compiling
configure:3065: gcc -o conftest    conftest.c  >&5
configure:3069: $? = 0
configure:3076: ./conftest
configure:3080: $? = 0
configure:3068: result: no
configure:3073: checking for suffix of object files
configure:3095: gcc -c   conftest.c >&5
configure:3099: $? = 0
configure:3120: result: o
configure:3124: checking whether we are using the GNU C compiler
configure:3143: gcc -c   conftest.c >&5
configure:3143: $? = 0
configure:3152: result: yes
configure:3161: checking whether gcc accepts -g
configure:3181: gcc -c -g  conftest.c >&5
configure:3181: $? = 0
configure:3222: result: yes
configure:3239: checking for gcc option to accept ISO C89
configure:3302: gcc  -c -g -O2  conftest.c >&5
configure:3302: $? = 0
configure:3315: result: none needed
configure:3340: checking whether gcc understands -c and -o together
configure:3362: gcc -c conftest.c -o conftest2.o
configure:3365: $? = 0
configure:3362: gcc -c conftest.c -o conftest2.o
configure:3365: $? = 0
configure:3377: result: yes
configure:3394: checking for a sed that does not truncate output
configure:3458: result: /usr/bin/sed
configure:3476: checking for grep that handles long lines and -e
configure:3534: result: /usr/bin/grep
configure:3539: checking for egrep
configure:3601: result: /usr/bin/grep -E
configure:3606: checking for fgrep
configure:3668: result: /usr/bin/grep -F
configure:3703: checking for ld used by gcc
configure:3770: result: /usr/bin/ld
configure:3777: checking if the linker (/usr/bin/ld) is GNU ld
configure:3792: result: yes
configure:3804: checking for BSD- or MS-compatible name lister (nm)
configure:3858: result: /usr/bin/nm -B
configure:3988: checking the name lister (/usr/bin/nm -B) interface
configure:3995: gcc -c -g -O2  conftest.c >&5
configure:3998: /usr/bin/nm -B "conftest.o"
configure:4001: output
0000000000000000 B some_variable
configure:4002: result: BSD nm
configure:4005: checking whether ln -s works
configure:4009: result: yes
configure:4017: checking the maximum length of command line arguments
configure:4148: result: 1572864
configure:4196: checking how to convert x86_64-pc-linux-gnu file names to x86_64-pc-linux-gnu format
configure:4236: result: func_convert_file_noop
configure:4243: checking how to convert x86_64-pc-linux-gnu file names to toolchain format
configure:4263: result: func_convert_file_noop
configure:4270: checking for /usr/bin/ld option to reload object files
configure:4277: result: -r
configure:4351: checking for objdump
configure:4367: found /usr/bin/objdump
configure:4378: result: objdump
configure:4410: checking how to recognize dependent libraries
configure:4610: result: pass_all
configure:4695: checking for dlltool
configure:4725: result: no
configure:4755: checking how to associate runtime and link libraries
configure:4782: result: printf %s\n
configure:4843: checking for ar
configure:4859: found /usr/bin/ar
configure:4870: result: ar
configure:4907: checking for archiver @FILE support
configure:4924: gcc -c -g -O2  conftest.c >&5
configure:4924: $? = 0
configure:4927: ar cr libconftest.a @conftest.lst >&5
configure:4930: $? = 0
configure:4935: ar cr libconftest.a @conftest.lst >&5
ar: conftest.o: No such file or directory
configure:4938: $? = 1
configure:4937: result: @
configure:4995: checking for strip
configure:5011: found /usr/bin/strip
configure:5022: result: strip
configure:5094: checking for ranlib
configure:5110: found /usr/bin/ranlib
configure:5121: result: ranlib
configure:5198: checking for gawk
configure:5228: result: no
configure:5198: checking for mawk
configure:5214: found /usr/bin/mawk
configure:5225: result: mawk
configure:5265: checking command to parse /usr/bin/nm -B output from gcc object
configure:5418: gcc -c -g -O2  conftest.c >&5
configure:5421: $? = 0
configure:5425: /usr/bin/nm -B conftest.o | sed -n -e 's/^.*[	 ]\([ABCDGIRSTW][ABCDGIRSTW]*\)[	 ][	 ]*\([_A-Za-z][_A-Za-z0-9]*\)$/\1 \2 \2/p' | sed '/ __gnu_lto/d' > conftest.nm
configure:5491: gcc -o conftest -g -O2   conftest.c conftstm.o >&5
configure:5494: $? = 0
configure:5532: result: ok
configure:5579: checking for sysroot
configure:5609: result: no
configure:5616: checking for a working dd
configure:5654: result: /usr/bin/dd
configure:5658: checking how to truncate binary pipes
configure:5673: result: /usr/bin/dd bs=4096 count=1
configure:5809: gcc -c -g -O2  conftest.c >&5
configure:5812: $? = 0
configure:6002: checking for mt
configure:6018: found /usr/bin/mt
configure:6029: result: mt
configure:6052: checking if mt is a manifest tool
configure:6058: mt '-?'
configure:6066: result: no
configure:6743: checking how to run the C preprocessor
configure:6774: gcc -E  conftest.c
configure:6774: $? = 0
configure:6788: gcc -E  conftest.c
conftest.c:9:10: fatal error: ac_nonexistent.h: No such file or directory
    9 | #include <ac_nonexistent.h>
      |          ^~~~~~~~~~~~~~~~~~
compilation terminated.
configure:6788: $? = 1
configure: failed program was:
| /* confdefs.h */
| #define PACKAGE_NAME "leptonica"
| #define PACKAGE_TARNAME "leptonica"
| #define PACKAGE_VERSION "1.83.0"
| #define PACKAGE_STRING "leptonica 1.83.0"
| #define PACKAGE_BUGREPORT ""
| #define PACKAGE_URL ""
| /* end confdefs.h.  */
| #include <ac_nonexistent.h>
configure:6813: result: gcc -E
configure:6833: gcc -E  conftest.c
configure:6833: $? = 0
configure:6847: gcc -E  conftest.c
conftest.c:9:10: fatal error: ac_nonexistent.h: No such file or directory
    9 | #include <ac_nonexistent.h>
      |          ^~~~~~~~~~~~~~~~~~
compilation terminated.
configure:6847: $? = 1
configure: failed program was:
| /* confdefs.h */
| #define PACKAGE_NAME "leptonica"
| #define PACKAGE_TARNAME "leptonica"
| #define PACKAGE_VERSION "1.83.0"
| #define PACKAGE_STRING "leptonica 1.83.0"
| #define PACKAGE_BUGREPORT ""
| #define PACKAGE_URL ""
| /* end confdefs.h.  */
| #include <ac_nonexistent.h>
configure:6876: checking for ANSI C header files
configure:6896: gcc -c -g -O2  conftest.c >&5
configure:6896: $? = 0
configure:6969: gcc -o conftest -g -O2   conftest.c  >&5
configure:6969: $? = 0
configure:6969: ./conftest
configure:6969: $? = 0
configure:6980: result: yes
configure:6993: checking for sys/types.h
configure:6993: gcc -c -g -O2  conftest.c >&5
configure:6993: $? = 0
configure:6993: result: yes
configure:6993: checking for sys/stat.h
configure:6993: gcc -c -g -O2  conftest.c >&5
configure:6993: $? = 0
configure:6993: result: yes
configure:6993: checking for stdlib.h
configure:6993: gcc -c -g -O2  conftest.c >&5
configure:6993: $? = 0
configure:6993: result: yes
configure:6993: checking for string.h
configure:6993: gcc -c -g -O2  conftest.c >&5
configure:6993: $? = 0
configure:6993: result: yes
configure:6993: checking for memory.h
configure:6993: gcc -c -g -O2  conftest.c >&5
configure:6993: $? = 0
configure:6993: result: yes
configure:6993: checking for strings.h
configure:6993: gcc -c -g -O2  conftest.c >&5
configure:6993: $? = 0
configure:6993: result: yes
configure:6993: checking for inttypes.h
configure:6993: gcc -c -g -O2  conftest.c >&5
configure:6993: $? = 0
configure:6993: result: yes
configure:6993: checking for stdint.h
configure:6993: gcc -c -g -O2  conftest.c >&5
configure:6993: $? = 0
configure:6993: result: yes
configure:6993: checking for unistd.h
configure:6993: gcc -c -g -O2  conftest.c >&5
configure:6993: $? = 0
configure:6993: result: yes
configure:7007: checking for dlfcn.h
configure:7007: gcc -c -g -O2  conftest.c >&5
configure:7007: $? = 0
configure:7007: result: yes
configure:7263: checking for objdir
configure:7278: result: .libs
configure:7542: checking if gcc supports -fno-rtti -fno-exceptions
configure:7560: gcc -c -g -O2  -fno-rtti -fno-exceptions conftest.c >&5
cc1: warning: command line option '-fno-rtti' is valid for C++/D/ObjC++ but not for C
configure:7564: $? = 0
configure:7577: result: no
configure:7941: checking for gcc option to produce PIC
configure:7948: result: -fPIC -DPIC
configure:7956: checking if gcc PIC flag -fPIC -DPIC works
configure:7974: gcc -c -g -O2  -fPIC -DPIC -DPIC conftest.c >&5
configure:7978: $? = 0
configure:7991: result: yes
configure:8020: checking if gcc static flag -static works
configure:8048: result: yes
configure:8063: checking if gcc supports -c -o file.o
configure:8084: gcc -c -g -O2  -o out/conftest2.o conftest.c >&5
configure:8088: $? = 0
configure:8110: result: yes
configure:8118: checking if gcc supports -c -o file.o
configure:8165: result: yes
configure:8198: checking whether the gcc linker (/usr/bin/ld -m elf_x86_64) supports shared libraries
configure:9461: result: yes
configure:9498: checking whether -lc should be explicitly linked in
configure:9506: gcc -c -g -O2  conftest.c >&5
configure:9509: $? = 0
configure:9524: gcc -shared  -fPIC -DPIC conftest.o  -v -Wl,-soname -Wl,conftest -o conftest 2\>\&1 \| /usr/bin/grep  -lc  \>/dev/null 2\>\&1
configure:9527: $? = 0
configure:9541: result: no
configure:9701: checking dynamic linker characteristics
configure:10282: gcc -o conftest -g -O2   -Wl,-rpath -Wl,/foo conftest.c  >&5
configure:10282: $? = 0
configure:10531: result: GNU/Linux ld.so
configure:10653: checking how to hardcode library paths into programs
configure:10678: result: immediate
configure:11226: checking whether stripping libraries is possible
configure:11231: result: yes
configure:11266: checking if libtool supports shared libraries
configure:11268: result: yes
configure:11271: checking whether to build shared libraries
configure:11296: result: yes
configure:11299: checking whether to build static libraries
configure:11303: result: yes
configure:8133: checking for a BSD-compatible install
configure:8201: result: /usr/bin/install -c
configure:8212: checking whether build environment is sane
configure:8267: result: yes
configure:8413: checking for a thread-safe mkdir -p
configure:8452: result: /usr/bin/mkdir -p
configure:8455: checking whether make sets $(MAKE)
configure:8477: result: yes
configure:8499: checking whether make supports the include directive
configure:8514: make -f confmf.GNU && cat confinc.out
make[1]: Entering directory '/home/moonstar/python/NLP/OCR/tesstrain/leptonica-1.83.0'
make[1]: Leaving directory '/home/moonstar/python/NLP/OCR/tesstrain/leptonica-1.83.0'
this is the am__doit target
configure:8517: $? = 0
configure:8536: result: yes (GNU style)
configure:8569: checking whether make supports nested variables
configure:8586: result: yes
configure:8671: checking dependency style of gcc
configure:8782: result: gcc3
configure:8853: checking for gawk
configure:8880: result: mawk
configure:8939: checking for gcc
configure:8966: result: gcc
configure:9195: checking for C compiler version
configure:9204: gcc --version >&5
gcc (Ubuntu 9.4.0-1ubuntu1~20.04.1) 9.4.0
Copyright (C) 2019 Free Software Foundation, Inc.
This is free software; see the source for copying conditions.  There is NO
warranty; not even for MERCHANTABILITY or FITNESS FOR A PARTICULAR PURPOSE.

configure:9215: $? = 0
configure:9204: gcc -v >&5
Using built-in specs.
COLLECT_GCC=gcc
COLLECT_LTO_WRAPPER=/usr/lib/gcc/x86_64-linux-gnu/9/lto-wrapper
OFFLOAD_TARGET_NAMES=nvptx-none:hsa
OFFLOAD_TARGET_DEFAULT=1
Target: x86_64-linux-gnu
Configured with: ../src/configure -v --with-pkgversion='Ubuntu 9.4.0-1ubuntu1~20.04.1' --with-bugurl=file:///usr/share/doc/gcc-9/README.Bugs --enable-languages=c,ada,c++,go,brig,d,fortran,objc,obj-c++,gm2 --prefix=/usr --with-gcc-major-version-only --program-suffix=-9 --program-prefix=x86_64-linux-gnu- --enable-shared --enable-linker-build-id --libexecdir=/usr/lib --without-included-gettext --enable-threads=posix --libdir=/usr/lib --enable-nls --enable-clocale=gnu --enable-libstdcxx-debug --enable-libstdcxx-time=yes --with-default-libstdcxx-abi=new --enable-gnu-unique-object --disable-vtable-verify --enable-plugin --enable-default-pie --with-system-zlib --with-target-system-zlib=auto --enable-objc-gc=auto --enable-multiarch --disable-werror --with-arch-32=i686 --with-abi=m64 --with-multilib-list=m32,m64,mx32 --enable-multilib --with-tune=generic --enable-offload-targets=nvptx-none=/build/gcc-9-Av3uEd/gcc-9-9.4.0/debian/tmp-nvptx/usr,hsa --without-cuda-driver --enable-checking=release --build=x86_64-linux-gnu --host=x86_64-linux-gnu --target=x86_64-linux-gnu
Thread model: posix
gcc version 9.4.0 (Ubuntu 9.4.0-1ubuntu1~20.04.1) 
configure:9215: $? = 0
configure:9204: gcc -V >&5
gcc: error: unrecognized command line option '-V'
gcc: fatal error: no input files
compilation terminated.
configure:9215: $? = 1
configure:9204: gcc -qversion >&5
gcc: error: unrecognized command line option '-qversion'; did you mean '--version'?
gcc: fatal error: no input files
compilation terminated.
configure:9215: $? = 1
configure:9219: checking whether we are using the GNU C compiler
configure:9247: result: yes
configure:9256: checking whether gcc accepts -g
configure:9317: result: yes
configure:9334: checking for gcc option to accept ISO C89
configure:9410: result: none needed
configure:9435: checking whether gcc understands -c and -o together
configure:9472: result: yes
configure:9494: checking how to run the C preprocessor
configure:9564: result: gcc -E
configure:9584: gcc -E  conftest.c
configure:9584: $? = 0
configure:9598: gcc -E  conftest.c
conftest.c:23:10: fatal error: ac_nonexistent.h: No such file or directory
   23 | #include <ac_nonexistent.h>
      |          ^~~~~~~~~~~~~~~~~~
compilation terminated.
configure:9598: $? = 1
configure: failed program was:
| /* confdefs.h */
| #define PACKAGE_NAME "leptonica"
| #define PACKAGE_TARNAME "leptonica"
| #define PACKAGE_VERSION "1.83.0"
| #define PACKAGE_STRING "leptonica 1.83.0"
| #define PACKAGE_BUGREPORT ""
| #define PACKAGE_URL ""
| #define STDC_HEADERS 1
| #define HAVE_SYS_TYPES_H 1
| #define HAVE_SYS_STAT_H 1
| #define HAVE_STDLIB_H 1
| #define HAVE_STRING_H 1
| #define HAVE_MEMORY_H 1
| #define HAVE_STRINGS_H 1
| #define HAVE_INTTYPES_H 1
| #define HAVE_STDINT_H 1
| #define HAVE_UNISTD_H 1
| #define HAVE_DLFCN_H 1
| #define LT_OBJDIR ".libs/"
| #define PACKAGE "leptonica"
| #define VERSION "1.83.0"
| /* end confdefs.h.  */
| #include <ac_nonexistent.h>
configure:9628: checking whether ln -s works
configure:9632: result: yes
configure:9639: checking whether make sets $(MAKE)
configure:9661: result: yes
configure:9824: checking for cos in -lm
configure:9849: gcc -o conftest -g -O2   conftest.c -lm   >&5
conftest.c:30:6: warning: conflicting types for built-in function 'cos'; expected 'double(double)' [-Wbuiltin-declaration-mismatch]
   30 | char cos ();
      |      ^~~
conftest.c:1:1: note: 'cos' is declared in header '<math.h>'
    1 | /* confdefs.h */
configure:9849: $? = 0
configure:9858: result: yes
configure:9923: checking for pkg-config
configure:9941: found /usr/bin/pkg-config
configure:9953: result: /usr/bin/pkg-config
configure:9978: checking pkg-config is at least version 0.9.0
configure:9981: result: yes
configure:9999: checking for ZLIB
configure:10006: $PKG_CONFIG --exists --print-errors "zlib"
configure:10009: $? = 0
configure:10023: $PKG_CONFIG --exists --print-errors "zlib"
configure:10026: $? = 0
configure:10196: result: yes
configure:10217: checking for LIBPNG
configure:10224: $PKG_CONFIG --exists --print-errors "libpng"
configure:10227: $? = 0
configure:10241: $PKG_CONFIG --exists --print-errors "libpng"
configure:10244: $? = 0
configure:10414: result: yes
configure:10435: checking for JPEG
configure:10442: $PKG_CONFIG --exists --print-errors "libjpeg"
configure:10445: $? = 0
configure:10459: $PKG_CONFIG --exists --print-errors "libjpeg"
configure:10462: $? = 0
configure:10632: result: yes
configure:10651: checking for DGifOpenFileHandle in -lgif
configure:10676: gcc -o conftest -g -O2   conftest.c -lgif   >&5
configure:10676: $? = 0
configure:10685: result: yes
configure:10693: checking gif_lib.h usability
configure:10693: gcc -c -g -O2  conftest.c >&5
configure:10693: $? = 0
configure:10693: result: yes
configure:10693: checking gif_lib.h presence
configure:10693: gcc -E  conftest.c
configure:10693: $? = 0
configure:10693: result: yes
configure:10693: checking for gif_lib.h
configure:10693: result: yes
configure:10704: checking giflib is at least version 5.1 (but not 5.1.2)
configure:10719: gcc -E  conftest.c
configure:10719: $? = 0
configure:10721: result: yes
configure:10769: checking for LIBTIFF
configure:10776: $PKG_CONFIG --exists --print-errors "libtiff-4"
configure:10779: $? = 0
configure:10793: $PKG_CONFIG --exists --print-errors "libtiff-4"
configure:10796: $? = 0
configure:10966: result: yes
configure:10987: checking for LIBWEBP
configure:10994: $PKG_CONFIG --exists --print-errors "libwebp"
configure:10997: $? = 0
configure:11011: $PKG_CONFIG --exists --print-errors "libwebp"
configure:11014: $? = 0
configure:11184: result: yes
configure:11214: checking for LIBWEBPMUX
configure:11221: $PKG_CONFIG --exists --print-errors "libwebpmux >= 0.5.0"
configure:11224: $? = 0
configure:11238: $PKG_CONFIG --exists --print-errors "libwebpmux >= 0.5.0"
configure:11241: $? = 0
configure:11395: result: yes
configure:11425: checking for LIBJP2K
configure:11432: $PKG_CONFIG --exists --print-errors "libopenjp2 >= 2.0.0"
configure:11435: $? = 0
configure:11449: $PKG_CONFIG --exists --print-errors "libopenjp2 >= 2.0.0"
configure:11452: $? = 0
configure:11646: result: yes
configure:11667: checking whether to enable debugging
configure:11674: result: 
configure:11699: checking whether make supports nested variables
configure:11716: result: yes
configure:11729: checking for size_t
configure:11729: gcc -c -g -O2  conftest.c >&5
configure:11729: $? = 0
configure:11729: gcc -c -g -O2  conftest.c >&5
conftest.c: In function 'main':
conftest.c:67:21: error: expected expression before ')' token
   67 | if (sizeof ((size_t)))
      |                     ^
configure:11729: $? = 1
configure: failed program was:
| /* confdefs.h */
| #define PACKAGE_NAME "leptonica"
| #define PACKAGE_TARNAME "leptonica"
| #define PACKAGE_VERSION "1.83.0"
| #define PACKAGE_STRING "leptonica 1.83.0"
| #define PACKAGE_BUGREPORT ""
| #define PACKAGE_URL ""
| #define STDC_HEADERS 1
| #define HAVE_SYS_TYPES_H 1
| #define HAVE_SYS_STAT_H 1
| #define HAVE_STDLIB_H 1
| #define HAVE_STRING_H 1
| #define HAVE_MEMORY_H 1
| #define HAVE_STRINGS_H 1
| #define HAVE_INTTYPES_H 1
| #define HAVE_STDINT_H 1
| #define HAVE_UNISTD_H 1
| #define HAVE_DLFCN_H 1
| #define LT_OBJDIR ".libs/"
| #define PACKAGE "leptonica"
| #define VERSION "1.83.0"
| #define HAVE_LIBZ 1
| #define HAVE_LIBPNG 1
| #define HAVE_LIBJPEG 1
| #define HAVE_LIBGIF 1
| #define HAVE_LIBTIFF 1
| #define HAVE_LIBWEBP 1
| #define HAVE_LIBWEBP_ANIM 1
| #define HAVE_LIBJP2K 1
| /* end confdefs.h.  */
| #include <stdio.h>
| #ifdef HAVE_SYS_TYPES_H
| # include <sys/types.h>
| #endif
| #ifdef HAVE_SYS_STAT_H
| # include <sys/stat.h>
| #endif
| #ifdef STDC_HEADERS
| # include <stdlib.h>
| # include <stddef.h>
| #else
| # ifdef HAVE_STDLIB_H
| #  include <stdlib.h>
| # endif
| #endif
| #ifdef HAVE_STRING_H
| # if !defined STDC_HEADERS && defined HAVE_MEMORY_H
| #  include <memory.h>
| # endif
| # include <string.h>
| #endif
| #ifdef HAVE_STRINGS_H
| # include <strings.h>
| #endif
| #ifdef HAVE_INTTYPES_H
| # include <inttypes.h>
| #endif
| #ifdef HAVE_STDINT_H
| # include <stdint.h>
| #endif
| #ifdef HAVE_UNISTD_H
| # include <unistd.h>
| #endif
| int
| main ()
| {
| if (sizeof ((size_t)))
| 	    return 0;
|   ;
|   return 0;
| }
configure:11729: result: yes
configure:11740: checking whether byte ordering is bigendian
configure:11755: gcc -c -g -O2  conftest.c >&5
conftest.c:32:9: error: unknown type name 'not'
   32 |         not a universal capable compiler
      |         ^~~
conftest.c:32:15: error: expected '=', ',', ';', 'asm' or '__attribute__' before 'universal'
   32 |         not a universal capable compiler
      |               ^~~~~~~~~
conftest.c:32:15: error: unknown type name 'universal'
configure:11755: $? = 1
configure: failed program was:
| /* confdefs.h */
| #define PACKAGE_NAME "leptonica"
| #define PACKAGE_TARNAME "leptonica"
| #define PACKAGE_VERSION "1.83.0"
| #define PACKAGE_STRING "leptonica 1.83.0"
| #define PACKAGE_BUGREPORT ""
| #define PACKAGE_URL ""
| #define STDC_HEADERS 1
| #define HAVE_SYS_TYPES_H 1
| #define HAVE_SYS_STAT_H 1
| #define HAVE_STDLIB_H 1
| #define HAVE_STRING_H 1
| #define HAVE_MEMORY_H 1
| #define HAVE_STRINGS_H 1
| #define HAVE_INTTYPES_H 1
| #define HAVE_STDINT_H 1
| #define HAVE_UNISTD_H 1
| #define HAVE_DLFCN_H 1
| #define LT_OBJDIR ".libs/"
| #define PACKAGE "leptonica"
| #define VERSION "1.83.0"
| #define HAVE_LIBZ 1
| #define HAVE_LIBPNG 1
| #define HAVE_LIBJPEG 1
| #define HAVE_LIBGIF 1
| #define HAVE_LIBTIFF 1
| #define HAVE_LIBWEBP 1
| #define HAVE_LIBWEBP_ANIM 1
| #define HAVE_LIBJP2K 1
| /* end confdefs.h.  */
| #ifndef __APPLE_CC__
| 	       not a universal capable compiler
| 	     #endif
| 	     typedef int dummy;
| 
configure:11800: gcc -c -g -O2  conftest.c >&5
configure:11800: $? = 0
configure:11818: gcc -c -g -O2  conftest.c >&5
conftest.c: In function 'main':
conftest.c:38:4: error: unknown type name 'not'; did you mean 'ino_t'?
   38 |    not big endian
      |    ^~~
      |    ino_t
conftest.c:38:12: error: expected '=', ',', ';', 'asm' or '__attribute__' before 'endian'
   38 |    not big endian
      |            ^~~~~~
configure:11818: $? = 1
configure: failed program was:
| /* confdefs.h */
| #define PACKAGE_NAME "leptonica"
| #define PACKAGE_TARNAME "leptonica"
| #define PACKAGE_VERSION "1.83.0"
| #define PACKAGE_STRING "leptonica 1.83.0"
| #define PACKAGE_BUGREPORT ""
| #define PACKAGE_URL ""
| #define STDC_HEADERS 1
| #define HAVE_SYS_TYPES_H 1
| #define HAVE_SYS_STAT_H 1
| #define HAVE_STDLIB_H 1
| #define HAVE_STRING_H 1
| #define HAVE_MEMORY_H 1
| #define HAVE_STRINGS_H 1
| #define HAVE_INTTYPES_H 1
| #define HAVE_STDINT_H 1
| #define HAVE_UNISTD_H 1
| #define HAVE_DLFCN_H 1
| #define LT_OBJDIR ".libs/"
| #define PACKAGE "leptonica"
| #define VERSION "1.83.0"
| #define HAVE_LIBZ 1
| #define HAVE_LIBPNG 1
| #define HAVE_LIBJPEG 1
| #define HAVE_LIBGIF 1
| #define HAVE_LIBTIFF 1
| #define HAVE_LIBWEBP 1
| #define HAVE_LIBWEBP_ANIM 1
| #define HAVE_LIBJP2K 1
| /* end confdefs.h.  */
| #include <sys/types.h>
| 		#include <sys/param.h>
| 
| int
| main ()
| {
| #if BYTE_ORDER != BIG_ENDIAN
| 		 not big endian
| 		#endif
| 
|   ;
|   return 0;
| }
configure:11946: result: no
configure:11978: checking whether compiler supports -Wl,--as-needed
configure:11994: gcc -o conftest -g -O2  -Wl,--as-needed  conftest.c  >&5
configure:11994: $? = 0
configure:11995: result: yes
configure:12008: checking for fmemopen
configure:12008: gcc -o conftest -g -O2  -Wl,--as-needed  conftest.c  >&5
configure:12008: $? = 0
configure:12008: result: yes
configure:12017: checking for fstatat
configure:12017: gcc -o conftest -g -O2  -Wl,--as-needed  conftest.c  >&5
configure:12017: $? = 0
configure:12017: result: yes
configure:12022: checking for dirfd
configure:12022: gcc -o conftest -g -O2  -Wl,--as-needed  conftest.c  >&5
configure:12022: $? = 0
configure:12022: result: yes
configure:12038: checking Major version
configure:12040: result: 1
configure:12042: checking Minor version
configure:12044: result: 83
configure:12046: checking Point version
configure:12048: result: 0
configure:12070: checking whether ln -s works
configure:12074: result: yes
configure:12183: checking that generated files are newer than configure
configure:12189: result: done
configure:12233: creating ./config.status

## ---------------------- ##
## Running config.status. ##
## ---------------------- ##

This file was extended by leptonica config.status 1.83.0, which was
generated by GNU Autoconf 2.69.  Invocation command line was

  CONFIG_FILES    = 
  CONFIG_HEADERS  = 
  CONFIG_LINKS    = 
  CONFIG_COMMANDS = 
  $ ./config.status 

on moonstar

config.status:1133: creating Makefile
config.status:1133: creating src/endianness.h
config.status:1133: creating src/Makefile
config.status:1133: creating prog/Makefile
config.status:1133: creating lept.pc
config.status:1133: creating cmake/templates/LeptonicaConfig.cmake
config.status:1133: creating cmake/templates/LeptonicaConfig-version.cmake
config.status:1133: creating config_auto.h
config.status:1362: executing libtool commands
config.status:1362: executing depfiles commands
config.status:1981: cd src       && sed -e '/# am--include-marker/d' Makefile         | make -f - am--depfiles
make[1]: Entering directory '/home/moonstar/python/NLP/OCR/tesstrain/leptonica-1.83.0/src'
make[1]: Leaving directory '/home/moonstar/python/NLP/OCR/tesstrain/leptonica-1.83.0/src'
config.status:1986: $? = 0
config.status:1981: cd prog       && sed -e '/# am--include-marker/d' Makefile         | make -f - am--depfiles
make[1]: Entering directory '/home/moonstar/python/NLP/OCR/tesstrain/leptonica-1.83.0/prog'
make[1]: Leaving directory '/home/moonstar/python/NLP/OCR/tesstrain/leptonica-1.83.0/prog'
config.status:1986: $? = 0

## ---------------- ##
## Cache variables. ##
## ---------------- ##

ac_cv_build=x86_64-pc-linux-gnu
ac_cv_c_bigendian=no
ac_cv_c_compiler_gnu=yes
ac_cv_env_CC_set=
ac_cv_env_CC_value=
ac_cv_env_CFLAGS_set=
ac_cv_env_CFLAGS_value=
ac_cv_env_CPPFLAGS_set=
ac_cv_env_CPPFLAGS_value=
ac_cv_env_CPP_set=
ac_cv_env_CPP_value=
ac_cv_env_JPEG_CFLAGS_set=
ac_cv_env_JPEG_CFLAGS_value=
ac_cv_env_JPEG_LIBS_set=
ac_cv_env_JPEG_LIBS_value=
ac_cv_env_LDFLAGS_set=
ac_cv_env_LDFLAGS_value=
ac_cv_env_LIBJP2K_CFLAGS_set=
ac_cv_env_LIBJP2K_CFLAGS_value=
ac_cv_env_LIBJP2K_LIBS_set=
ac_cv_env_LIBJP2K_LIBS_value=
ac_cv_env_LIBPNG_CFLAGS_set=
ac_cv_env_LIBPNG_CFLAGS_value=
ac_cv_env_LIBPNG_LIBS_set=
ac_cv_env_LIBPNG_LIBS_value=
ac_cv_env_LIBS_set=
ac_cv_env_LIBS_value=
ac_cv_env_LIBTIFF_CFLAGS_set=
ac_cv_env_LIBTIFF_CFLAGS_value=
ac_cv_env_LIBTIFF_LIBS_set=
ac_cv_env_LIBTIFF_LIBS_value=
ac_cv_env_LIBWEBPMUX_CFLAGS_set=
ac_cv_env_LIBWEBPMUX_CFLAGS_value=
ac_cv_env_LIBWEBPMUX_LIBS_set=
ac_cv_env_LIBWEBPMUX_LIBS_value=
ac_cv_env_LIBWEBP_CFLAGS_set=
ac_cv_env_LIBWEBP_CFLAGS_value=
ac_cv_env_LIBWEBP_LIBS_set=
ac_cv_env_LIBWEBP_LIBS_value=
ac_cv_env_LT_SYS_LIBRARY_PATH_set=
ac_cv_env_LT_SYS_LIBRARY_PATH_value=
ac_cv_env_PKG_CONFIG_LIBDIR_set=
ac_cv_env_PKG_CONFIG_LIBDIR_value=
ac_cv_env_PKG_CONFIG_PATH_set=
ac_cv_env_PKG_CONFIG_PATH_value=
ac_cv_env_PKG_CONFIG_set=
ac_cv_env_PKG_CONFIG_value=
ac_cv_env_ZLIB_CFLAGS_set=
ac_cv_env_ZLIB_CFLAGS_value=
ac_cv_env_ZLIB_LIBS_set=
ac_cv_env_ZLIB_LIBS_value=
ac_cv_env_build_alias_set=
ac_cv_env_build_alias_value=
ac_cv_env_host_alias_set=
ac_cv_env_host_alias_value=
ac_cv_env_target_alias_set=
ac_cv_env_target_alias_value=
ac_cv_func_dirfd=yes
ac_cv_func_fmemopen=yes
ac_cv_func_fstatat=yes
ac_cv_header_dlfcn_h=yes
ac_cv_header_gif_lib_h=yes
ac_cv_header_inttypes_h=yes
ac_cv_header_memory_h=yes
ac_cv_header_stdc=yes
ac_cv_header_stdint_h=yes
ac_cv_header_stdlib_h=yes
ac_cv_header_string_h=yes
ac_cv_header_strings_h=yes
ac_cv_header_sys_stat_h=yes
ac_cv_header_sys_types_h=yes
ac_cv_header_unistd_h=yes
ac_cv_host=x86_64-pc-linux-gnu
ac_cv_lib_gif_DGifOpenFileHandle=yes
ac_cv_lib_m_cos=yes
ac_cv_objext=o
ac_cv_path_EGREP='/usr/bin/grep -E'
ac_cv_path_FGREP='/usr/bin/grep -F'
ac_cv_path_GREP=/usr/bin/grep
ac_cv_path_SED=/usr/bin/sed
ac_cv_path_ac_pt_PKG_CONFIG=/usr/bin/pkg-config
ac_cv_path_install='/usr/bin/install -c'
ac_cv_path_lt_DD=/usr/bin/dd
ac_cv_path_mkdir=/usr/bin/mkdir
ac_cv_prog_AWK=mawk
ac_cv_prog_CPP='gcc -E'
ac_cv_prog_ac_ct_AR=ar
ac_cv_prog_ac_ct_CC=gcc
ac_cv_prog_ac_ct_MANIFEST_TOOL=mt
ac_cv_prog_ac_ct_OBJDUMP=objdump
ac_cv_prog_ac_ct_RANLIB=ranlib
ac_cv_prog_ac_ct_STRIP=strip
ac_cv_prog_cc_c89=
ac_cv_prog_cc_g=yes
ac_cv_prog_make_make_set=yes
ac_cv_type_size_t=yes
am_cv_CC_dependencies_compiler_type=gcc3
am_cv_make_support_nested_variables=yes
am_cv_prog_cc_c_o=yes
lt_cv_ar_at_file=@
lt_cv_archive_cmds_need_lc=no
lt_cv_deplibs_check_method=pass_all
lt_cv_file_magic_cmd='$MAGIC_CMD'
lt_cv_file_magic_test_file=
lt_cv_ld_reload_flag=-r
lt_cv_nm_interface='BSD nm'
lt_cv_objdir=.libs
lt_cv_path_LD=/usr/bin/ld
lt_cv_path_NM='/usr/bin/nm -B'
lt_cv_path_mainfest_tool=no
lt_cv_prog_compiler_c_o=yes
lt_cv_prog_compiler_pic='-fPIC -DPIC'
lt_cv_prog_compiler_pic_works=yes
lt_cv_prog_compiler_rtti_exceptions=no
lt_cv_prog_compiler_static_works=yes
lt_cv_prog_gnu_ld=yes
lt_cv_sharedlib_from_linklib_cmd='printf %s\n'
lt_cv_shlibpath_overrides_runpath=yes
lt_cv_sys_global_symbol_pipe='sed -n -e '\''s/^.*[	 ]\([ABCDGIRSTW][ABCDGIRSTW]*\)[	 ][	 ]*\([_A-Za-z][_A-Za-z0-9]*\)$/\1 \2 \2/p'\'' | sed '\''/ __gnu_lto/d'\'''
lt_cv_sys_global_symbol_to_c_name_address='sed -n -e '\''s/^: \(.*\) .*$/  {"\1", (void *) 0},/p'\'' -e '\''s/^[ABCDGIRSTW][ABCDGIRSTW]* .* \(.*\)$/  {"\1", (void *) \&\1},/p'\'''
lt_cv_sys_global_symbol_to_c_name_address_lib_prefix='sed -n -e '\''s/^: \(.*\) .*$/  {"\1", (void *) 0},/p'\'' -e '\''s/^[ABCDGIRSTW][ABCDGIRSTW]* .* \(lib.*\)$/  {"\1", (void *) \&\1},/p'\'' -e '\''s/^[ABCDGIRSTW][ABCDGIRSTW]* .* \(.*\)$/  {"lib\1", (void *) \&\1},/p'\'''
lt_cv_sys_global_symbol_to_cdecl='sed -n -e '\''s/^T .* \(.*\)$/extern int \1();/p'\'' -e '\''s/^[ABCDGIRSTW][ABCDGIRSTW]* .* \(.*\)$/extern char \1;/p'\'''
lt_cv_sys_global_symbol_to_import=
lt_cv_sys_max_cmd_len=1572864
lt_cv_to_host_file_cmd=func_convert_file_noop
lt_cv_to_tool_file_cmd=func_convert_file_noop
lt_cv_truncate_bin='/usr/bin/dd bs=4096 count=1'
pkg_cv_JPEG_CFLAGS=
pkg_cv_JPEG_LIBS='-L/build/libjpeg-turbo-Iy19nI/libjpeg-turbo-2.0.3/obj-x86_64-linux-gnu/lib/x86_64-linux-gnu -ljpeg'
pkg_cv_LIBJP2K_CFLAGS=-I/usr/include/openjpeg-2.3
pkg_cv_LIBJP2K_LIBS=-lopenjp2
pkg_cv_LIBPNG_CFLAGS=-I/usr/include/libpng16
pkg_cv_LIBPNG_LIBS='-lpng16 -lz'
pkg_cv_LIBTIFF_CFLAGS=-I/usr/include/x86_64-linux-gnu
pkg_cv_LIBTIFF_LIBS=-ltiff
pkg_cv_LIBWEBPMUX_CFLAGS=
pkg_cv_LIBWEBPMUX_LIBS='-lwebpmux -lwebp'
pkg_cv_LIBWEBP_CFLAGS=
pkg_cv_LIBWEBP_LIBS=-lwebp
pkg_cv_ZLIB_CFLAGS=
pkg_cv_ZLIB_LIBS=-lz

## ----------------- ##
## Output variables. ##
## ----------------- ##

ACLOCAL='${SHELL} /home/moonstar/python/NLP/OCR/tesstrain/leptonica-1.83.0/config/missing aclocal-1.16'
AMDEPBACKSLASH='\'
AMDEP_FALSE='#'
AMDEP_TRUE=''
AMTAR='$${TAR-tar}'
AM_BACKSLASH='\'
AM_DEFAULT_V='$(AM_DEFAULT_VERBOSITY)'
AM_DEFAULT_VERBOSITY='0'
AM_V='$(V)'
APPLE_UNIVERSAL_BUILD='0'
AR='ar'
AUTOCONF='${SHELL} /home/moonstar/python/NLP/OCR/tesstrain/leptonica-1.83.0/config/missing autoconf'
AUTOHEADER='${SHELL} /home/moonstar/python/NLP/OCR/tesstrain/leptonica-1.83.0/config/missing autoheader'
AUTOMAKE='${SHELL} /home/moonstar/python/NLP/OCR/tesstrain/leptonica-1.83.0/config/missing automake-1.16'
AWK='mawk'
CC='gcc'
CCDEPMODE='depmode=gcc3'
CFLAGS='-g -O2'
CPP='gcc -E'
CPPFLAGS=''
CYGPATH_W='echo'
DEFS='-DHAVE_CONFIG_H'
DEPDIR='.deps'
DLLTOOL='false'
DSYMUTIL=''
DUMPBIN=''
ECHO_C=''
ECHO_N='-n'
ECHO_T=''
EGREP='/usr/bin/grep -E'
ENABLE_PROGRAMS_FALSE='#'
ENABLE_PROGRAMS_TRUE=''
ENDIANNESS='L_LITTLE_ENDIAN'
EXEEXT=''
FGREP='/usr/bin/grep -F'
GDI_LIBS=''
GIFLIB_LIBS='-lgif'
GREP='/usr/bin/grep'
HAVE_LIBGIF_FALSE='#'
HAVE_LIBGIF_TRUE=''
HAVE_LIBJP2K_FALSE='#'
HAVE_LIBJP2K_TRUE=''
HAVE_LIBWEBP_ANIM_FALSE='#'
HAVE_LIBWEBP_ANIM_TRUE=''
HAVE_LIBWEBP_FALSE='#'
HAVE_LIBWEBP_TRUE=''
INCLUDE_DIR='/usr/include/leptonica'
INSTALL_DATA='${INSTALL} -m 644'
INSTALL_PROGRAM='${INSTALL}'
INSTALL_SCRIPT='${INSTALL}'
INSTALL_STRIP_PROGRAM='$(install_sh) -c -s'
JPEG_CFLAGS=''
JPEG_LIBS='-L/build/libjpeg-turbo-Iy19nI/libjpeg-turbo-2.0.3/obj-x86_64-linux-gnu/lib/x86_64-linux-gnu -ljpeg'
LD='/usr/bin/ld -m elf_x86_64'
LDFLAGS='-Wl,--as-needed '
LIBJP2K_CFLAGS='-I/usr/include/openjpeg-2.3'
LIBJP2K_LIBS='-lopenjp2'
LIBM='-lm'
LIBOBJS=''
LIBPNG_CFLAGS='-I/usr/include/libpng16'
LIBPNG_LIBS='-lpng16 -lz'
LIBS=''
LIBTIFF_CFLAGS='-I/usr/include/x86_64-linux-gnu'
LIBTIFF_LIBS='-ltiff'
LIBTOOL='$(SHELL) $(top_builddir)/libtool'
LIBWEBPMUX_CFLAGS=''
LIBWEBPMUX_LIBS='-lwebpmux -lwebp'
LIBWEBP_CFLAGS=''
LIBWEBP_LIBS='-lwebp'
LIPO=''
LN_S='ln -s'
LTLIBOBJS=''
LT_SYS_LIBRARY_PATH=''
MAKEINFO='${SHELL} /home/moonstar/python/NLP/OCR/tesstrain/leptonica-1.83.0/config/missing makeinfo'
MANIFEST_TOOL=':'
MKDIR_P='/usr/bin/mkdir -p'
NM='/usr/bin/nm -B'
NMEDIT=''
OBJDUMP='objdump'
OBJEXT='o'
OTOOL64=''
OTOOL=''
PACKAGE='leptonica'
PACKAGE_BUGREPORT=''
PACKAGE_NAME='leptonica'
PACKAGE_STRING='leptonica 1.83.0'
PACKAGE_TARNAME='leptonica'
PACKAGE_URL=''
PACKAGE_VERSION='1.83.0'
PATH_SEPARATOR=':'
PKG_CONFIG='/usr/bin/pkg-config'
PKG_CONFIG_LIBDIR=''
PKG_CONFIG_PATH=''
RANLIB='ranlib'
SED='/usr/bin/sed'
SET_MAKE=''
SHELL='/bin/bash'
STRIP='strip'
VERSION='1.83.0'
VERSION_MAJOR='1'
VERSION_MINOR='83'
VERSION_PATCH='0'
VERSION_PLAIN='1.83.0'
ZLIB_CFLAGS=''
ZLIB_LIBS='-lz'
ac_ct_AR='ar'
ac_ct_CC='gcc'
ac_ct_DUMPBIN=''
am__EXEEXT_FALSE=''
am__EXEEXT_TRUE='#'
am__fastdepCC_FALSE='#'
am__fastdepCC_TRUE=''
am__include='include'
am__isrc=''
am__leading_dot='.'
am__nodep='_no'
am__quote=''
am__tar='$${TAR-tar} chof - "$$tardir"'
am__untar='$${TAR-tar} xf -'
bindir='${exec_prefix}/bin'
build='x86_64-pc-linux-gnu'
build_alias=''
build_cpu='x86_64'
build_os='linux-gnu'
build_vendor='pc'
datadir='${datarootdir}'
datarootdir='${prefix}/share'
docdir='${datarootdir}/doc/${PACKAGE_TARNAME}'
dvidir='${docdir}'
exec_prefix='${prefix}'
host='x86_64-pc-linux-gnu'
host_alias=''
host_cpu='x86_64'
host_os='linux-gnu'
host_vendor='pc'
htmldir='${docdir}'
includedir='${prefix}/include'
infodir='${datarootdir}/info'
install_sh='${SHELL} /home/moonstar/python/NLP/OCR/tesstrain/leptonica-1.83.0/config/install-sh'
leptonica_OUTPUT_NAME='leptonica'
libdir='${exec_prefix}/lib'
libexecdir='${exec_prefix}/libexec'
localedir='${datarootdir}/locale'
localstatedir='${prefix}/var'
mandir='${datarootdir}/man'
mkdir_p='$(MKDIR_P)'
oldincludedir='/usr/include'
pdfdir='${docdir}'
prefix='/usr'
program_transform_name='s,x,x,'
psdir='${docdir}'
runstatedir='${localstatedir}/run'
sbindir='${exec_prefix}/sbin'
sharedstatedir='${prefix}/com'
sysconfdir='${prefix}/etc'
target_alias=''

## ----------- ##
## confdefs.h. ##
## ----------- ##

/* confdefs.h */
#define PACKAGE_NAME "leptonica"
#define PACKAGE_TARNAME "leptonica"
#define PACKAGE_VERSION "1.83.0"
#define PACKAGE_STRING "leptonica 1.83.0"
#define PACKAGE_BUGREPORT ""
#define PACKAGE_URL ""
#define STDC_HEADERS 1
#define HAVE_SYS_TYPES_H 1
#define HAVE_SYS_STAT_H 1
#define HAVE_STDLIB_H 1
#define HAVE_STRING_H 1
#define HAVE_MEMORY_H 1
#define HAVE_STRINGS_H 1
#define HAVE_INTTYPES_H 1
#define HAVE_STDINT_H 1
#define HAVE_UNISTD_H 1
#define HAVE_DLFCN_H 1
#define LT_OBJDIR ".libs/"
#define PACKAGE "leptonica"
#define VERSION "1.83.0"
#define HAVE_LIBZ 1
#define HAVE_LIBPNG 1
#define HAVE_LIBJPEG 1
#define HAVE_LIBGIF 1
#define HAVE_LIBTIFF 1
#define HAVE_LIBWEBP 1
#define HAVE_LIBWEBP_ANIM 1
#define HAVE_LIBJP2K 1
#define HAVE_FMEMOPEN 1

configure: exit 0
